<?xml version="1.0" encoding="UTF-8"?>
<testsuite xmlns:xsi="http://www.w3.org/2001/XMLSchema-instance" xsi:noNamespaceSchemaLocation="https://maven.apache.org/surefire/maven-surefire-plugin/xsd/surefire-test-report.xsd" name="mflix.api.daos.MigrationTest" time="15.642" tests="2" errors="0" skipped="0" failures="2">
  <properties>
[...]
</properties>
  <testcase name="testAllDocumentsIMDBRatingNumber" classname="mflix.api.daos.MigrationTest" time="7.789">
    <failure message="Should not find documents where `imdb.rating` is of not of `number` type expected:&lt;0&gt; but was:&lt;61&gt;" type="java.lang.AssertionError"><![CDATA[java.lang.AssertionError: Should not find documents where `imdb.rating` is of not of `number` type expected:<0> but was:<61>
	at mflix.api.daos.MigrationTest.testAllDocumentsIMDBRatingNumber(MigrationTest.java:42)
]]></failure>
    <system-out><![CDATA[2020-09-14 17:39:04.961  INFO 27984 --- [ngodb.net:27017] org.mongodb.driver.cluster               : Monitor thread successfully connected to server with description ServerDescription{address=mflix-shard-00-01.auswo.mongodb.net:27017, type=REPLICA_SET_PRIMARY, state=CONNECTED, ok=true, version=ServerVersion{versionList=[4, 2, 9]}, minWireVersion=0, maxWireVersion=8, maxDocumentSize=16777216, logicalSessionTimeoutMinutes=30, roundTripTimeNanos=242749500, setName='atlas-fqf6z7-shard-0', canonicalAddress=mflix-shard-00-01.auswo.mongodb.net:27017, hosts=[mflix-shard-00-02.auswo.mongodb.net:27017, mflix-shard-00-01.auswo.mongodb.net:27017, mflix-shard-00-00.auswo.mongodb.net:27017], passives=[], arbiters=[], primary='mflix-shard-00-01.auswo.mongodb.net:27017', tagSet=TagSet{[Tag{name='nodeType', value='ELECTABLE'}, Tag{name='provider', value='AWS'}, Tag{name='region', value='US_EAST_1'}]}, electionId=7fffffff0000000000000003, setVersion=1, lastWriteDate=Mon Sep 14 17:39:04 IST 2020, lastUpdateTimeNanos=187106485251400}
2020-09-14 17:39:07.425  INFO 27984 --- [ngodb.net:27017] org.mongodb.driver.cluster               : Monitor thread successfully connected to server with description ServerDescription{address=mflix-shard-00-01.auswo.mongodb.net:27017, type=REPLICA_SET_PRIMARY, state=CONNECTED, ok=true, version=ServerVersion{versionList=[4, 2, 9]}, minWireVersion=0, maxWireVersion=8, maxDocumentSize=16777216, logicalSessionTimeoutMinutes=30, roundTripTimeNanos=242189588, setName='atlas-fqf6z7-shard-0', canonicalAddress=mflix-shard-00-01.auswo.mongodb.net:27017, hosts=[mflix-shard-00-02.auswo.mongodb.net:27017, mflix-shard-00-01.auswo.mongodb.net:27017, mflix-shard-00-00.auswo.mongodb.net:27017], passives=[], arbiters=[], primary='mflix-shard-00-01.auswo.mongodb.net:27017', tagSet=TagSet{[Tag{name='provider', value='AWS'}, Tag{name='nodeType', value='ELECTABLE'}, Tag{name='region', value='US_EAST_1'}]}, electionId=7fffffff0000000000000003, setVersion=1, lastWriteDate=Mon Sep 14 17:39:04 IST 2020, lastUpdateTimeNanos=187108949347800}
2020-09-14 17:39:07.428  INFO 27984 --- [ngodb.net:27017] org.mongodb.driver.cluster               : Monitor thread successfully connected to server with description ServerDescription{address=mflix-shard-00-02.auswo.mongodb.net:27017, type=REPLICA_SET_SECONDARY, state=CONNECTED, ok=true, version=ServerVersion{versionList=[4, 2, 9]}, minWireVersion=0, maxWireVersion=8, maxDocumentSize=16777216, logicalSessionTimeoutMinutes=30, roundTripTimeNanos=243547468, setName='atlas-fqf6z7-shard-0', canonicalAddress=mflix-shard-00-02.auswo.mongodb.net:27017, hosts=[mflix-shard-00-02.auswo.mongodb.net:27017, mflix-shard-00-01.auswo.mongodb.net:27017, mflix-shard-00-00.auswo.mongodb.net:27017], passives=[], arbiters=[], primary='mflix-shard-00-01.auswo.mongodb.net:27017', tagSet=TagSet{[Tag{name='nodeType', value='ELECTABLE'}, Tag{name='region', value='US_EAST_1'}, Tag{name='provider', value='AWS'}]}, electionId=null, setVersion=1, lastWriteDate=Mon Sep 14 17:39:04 IST 2020, lastUpdateTimeNanos=187108952345300}
2020-09-14 17:39:08.838  INFO 27984 --- [           main] org.mongodb.driver.cluster               : Cluster created with settings {hosts=[mflix-shard-00-01.auswo.mongodb.net:27017, mflix-shard-00-00.auswo.mongodb.net:27017, mflix-shard-00-02.auswo.mongodb.net:27017], mode=MULTIPLE, requiredClusterType=REPLICA_SET, serverSelectionTimeout='30000 ms', maxWaitQueueSize=500, requiredReplicaSetName='atlas-fqf6z7-shard-0'}
2020-09-14 17:39:08.838  INFO 27984 --- [           main] org.mongodb.driver.cluster               : Adding discovered server mflix-shard-00-01.auswo.mongodb.net:27017 to client view of cluster
2020-09-14 17:39:08.839  INFO 27984 --- [           main] org.mongodb.driver.cluster               : Adding discovered server mflix-shard-00-00.auswo.mongodb.net:27017 to client view of cluster
2020-09-14 17:39:08.840  INFO 27984 --- [           main] org.mongodb.driver.cluster               : Adding discovered server mflix-shard-00-02.auswo.mongodb.net:27017 to client view of cluster
2020-09-14 17:39:08.843  INFO 27984 --- [           main] org.mongodb.driver.cluster               : No server chosen by com.mongodb.client.internal.MongoClientDelegate$1@5bb8e6fc from cluster description ClusterDescription{type=REPLICA_SET, connectionMode=MULTIPLE, serverDescriptions=[ServerDescription{address=mflix-shard-00-01.auswo.mongodb.net:27017, type=UNKNOWN, state=CONNECTING}, ServerDescription{address=mflix-shard-00-02.auswo.mongodb.net:27017, type=UNKNOWN, state=CONNECTING}, ServerDescription{address=mflix-shard-00-00.auswo.mongodb.net:27017, type=UNKNOWN, state=CONNECTING}]}. Waiting for 30000 ms before timing out
2020-09-14 17:39:09.847  INFO 27984 --- [ngodb.net:27017] org.mongodb.driver.cluster               : Monitor thread successfully connected to server with description ServerDescription{address=mflix-shard-00-01.auswo.mongodb.net:27017, type=REPLICA_SET_PRIMARY, state=CONNECTED, ok=true, version=ServerVersion{versionList=[4, 2, 9]}, minWireVersion=0, maxWireVersion=8, maxDocumentSize=16777216, logicalSessionTimeoutMinutes=30, roundTripTimeNanos=248239551, setName='atlas-fqf6z7-shard-0', canonicalAddress=mflix-shard-00-01.auswo.mongodb.net:27017, hosts=[mflix-shard-00-02.auswo.mongodb.net:27017, mflix-shard-00-01.auswo.mongodb.net:27017, mflix-shard-00-00.auswo.mongodb.net:27017], passives=[], arbiters=[], primary='mflix-shard-00-01.auswo.mongodb.net:27017', tagSet=TagSet{[Tag{name='provider', value='AWS'}, Tag{name='region', value='US_EAST_1'}, Tag{name='nodeType', value='ELECTABLE'}]}, electionId=7fffffff0000000000000003, setVersion=1, lastWriteDate=Mon Sep 14 17:39:04 IST 2020, lastUpdateTimeNanos=187111371689000}
2020-09-14 17:39:10.086  INFO 27984 --- [ngodb.net:27017] org.mongodb.driver.connection            : Opened connection [connectionId{localValue:13, serverValue:1031}] to mflix-shard-00-01.auswo.mongodb.net:27017
2020-09-14 17:39:10.086  INFO 27984 --- [ngodb.net:27017] org.mongodb.driver.connection            : Opened connection [connectionId{localValue:14, serverValue:436}] to mflix-shard-00-00.auswo.mongodb.net:27017
2020-09-14 17:39:10.096  INFO 27984 --- [ngodb.net:27017] org.mongodb.driver.connection            : Opened connection [connectionId{localValue:15, serverValue:37}] to mflix-shard-00-02.auswo.mongodb.net:27017
2020-09-14 17:39:10.327  INFO 27984 --- [ngodb.net:27017] org.mongodb.driver.cluster               : Monitor thread successfully connected to server with description ServerDescription{address=mflix-shard-00-00.auswo.mongodb.net:27017, type=REPLICA_SET_SECONDARY, state=CONNECTED, ok=true, version=ServerVersion{versionList=[4, 2, 9]}, minWireVersion=0, maxWireVersion=8, maxDocumentSize=16777216, logicalSessionTimeoutMinutes=30, roundTripTimeNanos=240276200, setName='atlas-fqf6z7-shard-0', canonicalAddress=mflix-shard-00-00.auswo.mongodb.net:27017, hosts=[mflix-shard-00-02.auswo.mongodb.net:27017, mflix-shard-00-01.auswo.mongodb.net:27017, mflix-shard-00-00.auswo.mongodb.net:27017], passives=[], arbiters=[], primary='mflix-shard-00-01.auswo.mongodb.net:27017', tagSet=TagSet{[Tag{name='nodeType', value='ELECTABLE'}, Tag{name='provider', value='AWS'}, Tag{name='region', value='US_EAST_1'}]}, electionId=null, setVersion=1, lastWriteDate=Mon Sep 14 17:39:04 IST 2020, lastUpdateTimeNanos=187111851304800}
2020-09-14 17:39:10.329  INFO 27984 --- [           main] org.mongodb.driver.cluster               : No server chosen by ReadPreferenceServerSelector{readPreference=primary} from cluster description ClusterDescription{type=REPLICA_SET, connectionMode=MULTIPLE, serverDescriptions=[ServerDescription{address=mflix-shard-00-01.auswo.mongodb.net:27017, type=UNKNOWN, state=CONNECTING}, ServerDescription{address=mflix-shard-00-02.auswo.mongodb.net:27017, type=UNKNOWN, state=CONNECTING}, ServerDescription{address=mflix-shard-00-00.auswo.mongodb.net:27017, type=REPLICA_SET_SECONDARY, state=CONNECTED, ok=true, version=ServerVersion{versionList=[4, 2, 9]}, minWireVersion=0, maxWireVersion=8, maxDocumentSize=16777216, logicalSessionTimeoutMinutes=30, roundTripTimeNanos=240276200, setName='atlas-fqf6z7-shard-0', canonicalAddress=mflix-shard-00-00.auswo.mongodb.net:27017, hosts=[mflix-shard-00-02.auswo.mongodb.net:27017, mflix-shard-00-01.auswo.mongodb.net:27017, mflix-shard-00-00.auswo.mongodb.net:27017], passives=[], arbiters=[], primary='mflix-shard-00-01.auswo.mongodb.net:27017', tagSet=TagSet{[Tag{name='nodeType', value='ELECTABLE'}, Tag{name='provider', value='AWS'}, Tag{name='region', value='US_EAST_1'}]}, electionId=null, setVersion=1, lastWriteDate=Mon Sep 14 17:39:04 IST 2020, lastUpdateTimeNanos=187111851304800}]}. Waiting for 30000 ms before timing out
2020-09-14 17:39:10.329  INFO 27984 --- [ngodb.net:27017] org.mongodb.driver.cluster               : Monitor thread successfully connected to server with description ServerDescription{address=mflix-shard-00-01.auswo.mongodb.net:27017, type=REPLICA_SET_PRIMARY, state=CONNECTED, ok=true, version=ServerVersion{versionList=[4, 2, 9]}, minWireVersion=0, maxWireVersion=8, maxDocumentSize=16777216, logicalSessionTimeoutMinutes=30, roundTripTimeNanos=242914600, setName='atlas-fqf6z7-shard-0', canonicalAddress=mflix-shard-00-01.auswo.mongodb.net:27017, hosts=[mflix-shard-00-02.auswo.mongodb.net:27017, mflix-shard-00-01.auswo.mongodb.net:27017, mflix-shard-00-00.auswo.mongodb.net:27017], passives=[], arbiters=[], primary='mflix-shard-00-01.auswo.mongodb.net:27017', tagSet=TagSet{[Tag{name='nodeType', value='ELECTABLE'}, Tag{name='provider', value='AWS'}, Tag{name='region', value='US_EAST_1'}]}, electionId=7fffffff0000000000000003, setVersion=1, lastWriteDate=Mon Sep 14 17:39:04 IST 2020, lastUpdateTimeNanos=187111853765000}
2020-09-14 17:39:10.330  INFO 27984 --- [ngodb.net:27017] org.mongodb.driver.cluster               : Setting max election id to 7fffffff0000000000000003 from replica set primary mflix-shard-00-01.auswo.mongodb.net:27017
2020-09-14 17:39:10.330  INFO 27984 --- [ngodb.net:27017] org.mongodb.driver.cluster               : Setting max set version to 1 from replica set primary mflix-shard-00-01.auswo.mongodb.net:27017
2020-09-14 17:39:10.330  INFO 27984 --- [ngodb.net:27017] org.mongodb.driver.cluster               : Discovered replica set primary mflix-shard-00-01.auswo.mongodb.net:27017
2020-09-14 17:39:10.340  INFO 27984 --- [ngodb.net:27017] org.mongodb.driver.cluster               : Monitor thread successfully connected to server with description ServerDescription{address=mflix-shard-00-02.auswo.mongodb.net:27017, type=REPLICA_SET_SECONDARY, state=CONNECTED, ok=true, version=ServerVersion{versionList=[4, 2, 9]}, minWireVersion=0, maxWireVersion=8, maxDocumentSize=16777216, logicalSessionTimeoutMinutes=30, roundTripTimeNanos=243124300, setName='atlas-fqf6z7-shard-0', canonicalAddress=mflix-shard-00-02.auswo.mongodb.net:27017, hosts=[mflix-shard-00-02.auswo.mongodb.net:27017, mflix-shard-00-01.auswo.mongodb.net:27017, mflix-shard-00-00.auswo.mongodb.net:27017], passives=[], arbiters=[], primary='mflix-shard-00-01.auswo.mongodb.net:27017', tagSet=TagSet{[Tag{name='provider', value='AWS'}, Tag{name='nodeType', value='ELECTABLE'}, Tag{name='region', value='US_EAST_1'}]}, electionId=null, setVersion=1, lastWriteDate=Mon Sep 14 17:39:04 IST 2020, lastUpdateTimeNanos=187111864046500}
2020-09-14 17:39:12.289  INFO 27984 --- [           main] org.mongodb.driver.connection            : Opened connection [connectionId{localValue:16, serverValue:376}] to mflix-shard-00-01.auswo.mongodb.net:27017
]]></system-out>
  </testcase>
  <testcase name="testAllDocumentsUpdateDateIsDateType" classname="mflix.api.daos.MigrationTest" time="7.853">
    <failure message="Should not find documents where `lastupdated` is of `string` type expected:&lt;0&gt; but was:&lt;23530&gt;" type="java.lang.AssertionError"><![CDATA[java.lang.AssertionError: Should not find documents where `lastupdated` is of `string` type expected:<0> but was:<23530>
	at mflix.api.daos.MigrationTest.testAllDocumentsUpdateDateIsDateType(MigrationTest.java:31)
]]></failure>
    <system-out><![CDATA[2020-09-14 17:39:15.205  INFO 27984 --- [ngodb.net:27017] org.mongodb.driver.cluster               : Monitor thread successfully connected to server with description ServerDescription{address=mflix-shard-00-01.auswo.mongodb.net:27017, type=REPLICA_SET_PRIMARY, state=CONNECTED, ok=true, version=ServerVersion{versionList=[4, 2, 9]}, minWireVersion=0, maxWireVersion=8, maxDocumentSize=16777216, logicalSessionTimeoutMinutes=30, roundTripTimeNanos=242775620, setName='atlas-fqf6z7-shard-0', canonicalAddress=mflix-shard-00-01.auswo.mongodb.net:27017, hosts=[mflix-shard-00-02.auswo.mongodb.net:27017, mflix-shard-00-01.auswo.mongodb.net:27017, mflix-shard-00-00.auswo.mongodb.net:27017], passives=[], arbiters=[], primary='mflix-shard-00-01.auswo.mongodb.net:27017', tagSet=TagSet{[Tag{name='nodeType', value='ELECTABLE'}, Tag{name='region', value='US_EAST_1'}, Tag{name='provider', value='AWS'}]}, electionId=7fffffff0000000000000003, setVersion=1, lastWriteDate=Mon Sep 14 17:39:10 IST 2020, lastUpdateTimeNanos=187116728944800}
2020-09-14 17:39:15.939  INFO 27984 --- [ngodb.net:27017] org.mongodb.driver.cluster               : Monitor thread successfully connected to server with description ServerDescription{address=mflix-shard-00-00.auswo.mongodb.net:27017, type=REPLICA_SET_SECONDARY, state=CONNECTED, ok=true, version=ServerVersion{versionList=[4, 2, 9]}, minWireVersion=0, maxWireVersion=8, maxDocumentSize=16777216, logicalSessionTimeoutMinutes=30, roundTripTimeNanos=242674592, setName='atlas-fqf6z7-shard-0', canonicalAddress=mflix-shard-00-00.auswo.mongodb.net:27017, hosts=[mflix-shard-00-02.auswo.mongodb.net:27017, mflix-shard-00-01.auswo.mongodb.net:27017, mflix-shard-00-00.auswo.mongodb.net:27017], passives=[], arbiters=[], primary='mflix-shard-00-01.auswo.mongodb.net:27017', tagSet=TagSet{[Tag{name='nodeType', value='ELECTABLE'}, Tag{name='region', value='US_EAST_1'}, Tag{name='provider', value='AWS'}]}, electionId=null, setVersion=1, lastWriteDate=Mon Sep 14 17:39:10 IST 2020, lastUpdateTimeNanos=187117463607800}
2020-09-14 17:39:16.631  INFO 27984 --- [           main] org.mongodb.driver.cluster               : Cluster created with settings {hosts=[mflix-shard-00-01.auswo.mongodb.net:27017, mflix-shard-00-00.auswo.mongodb.net:27017, mflix-shard-00-02.auswo.mongodb.net:27017], mode=MULTIPLE, requiredClusterType=REPLICA_SET, serverSelectionTimeout='30000 ms', maxWaitQueueSize=500, requiredReplicaSetName='atlas-fqf6z7-shard-0'}
2020-09-14 17:39:16.631  INFO 27984 --- [           main] org.mongodb.driver.cluster               : Adding discovered server mflix-shard-00-01.auswo.mongodb.net:27017 to client view of cluster
2020-09-14 17:39:16.632  INFO 27984 --- [           main] org.mongodb.driver.cluster               : Adding discovered server mflix-shard-00-00.auswo.mongodb.net:27017 to client view of cluster
2020-09-14 17:39:16.632  INFO 27984 --- [           main] org.mongodb.driver.cluster               : Adding discovered server mflix-shard-00-02.auswo.mongodb.net:27017 to client view of cluster
2020-09-14 17:39:16.633  INFO 27984 --- [           main] org.mongodb.driver.cluster               : No server chosen by com.mongodb.client.internal.MongoClientDelegate$1@686cf8ad from cluster description ClusterDescription{type=REPLICA_SET, connectionMode=MULTIPLE, serverDescriptions=[ServerDescription{address=mflix-shard-00-01.auswo.mongodb.net:27017, type=UNKNOWN, state=CONNECTING}, ServerDescription{address=mflix-shard-00-02.auswo.mongodb.net:27017, type=UNKNOWN, state=CONNECTING}, ServerDescription{address=mflix-shard-00-00.auswo.mongodb.net:27017, type=UNKNOWN, state=CONNECTING}]}. Waiting for 30000 ms before timing out
2020-09-14 17:39:17.668  INFO 27984 --- [ngodb.net:27017] org.mongodb.driver.cluster               : Monitor thread successfully connected to server with description ServerDescription{address=mflix-shard-00-01.auswo.mongodb.net:27017, type=REPLICA_SET_PRIMARY, state=CONNECTED, ok=true, version=ServerVersion{versionList=[4, 2, 9]}, minWireVersion=0, maxWireVersion=8, maxDocumentSize=16777216, logicalSessionTimeoutMinutes=30, roundTripTimeNanos=242158910, setName='atlas-fqf6z7-shard-0', canonicalAddress=mflix-shard-00-01.auswo.mongodb.net:27017, hosts=[mflix-shard-00-02.auswo.mongodb.net:27017, mflix-shard-00-01.auswo.mongodb.net:27017, mflix-shard-00-00.auswo.mongodb.net:27017], passives=[], arbiters=[], primary='mflix-shard-00-01.auswo.mongodb.net:27017', tagSet=TagSet{[Tag{name='provider', value='AWS'}, Tag{name='region', value='US_EAST_1'}, Tag{name='nodeType', value='ELECTABLE'}]}, electionId=7fffffff0000000000000003, setVersion=1, lastWriteDate=Mon Sep 14 17:39:10 IST 2020, lastUpdateTimeNanos=187119193215700}
2020-09-14 17:39:17.671  INFO 27984 --- [ngodb.net:27017] org.mongodb.driver.cluster               : Monitor thread successfully connected to server with description ServerDescription{address=mflix-shard-00-02.auswo.mongodb.net:27017, type=REPLICA_SET_SECONDARY, state=CONNECTED, ok=true, version=ServerVersion{versionList=[4, 2, 9]}, minWireVersion=0, maxWireVersion=8, maxDocumentSize=16777216, logicalSessionTimeoutMinutes=30, roundTripTimeNanos=243295294, setName='atlas-fqf6z7-shard-0', canonicalAddress=mflix-shard-00-02.auswo.mongodb.net:27017, hosts=[mflix-shard-00-02.auswo.mongodb.net:27017, mflix-shard-00-01.auswo.mongodb.net:27017, mflix-shard-00-00.auswo.mongodb.net:27017], passives=[], arbiters=[], primary='mflix-shard-00-01.auswo.mongodb.net:27017', tagSet=TagSet{[Tag{name='provider', value='AWS'}, Tag{name='nodeType', value='ELECTABLE'}, Tag{name='region', value='US_EAST_1'}]}, electionId=null, setVersion=1, lastWriteDate=Mon Sep 14 17:39:10 IST 2020, lastUpdateTimeNanos=187119196480700}
2020-09-14 17:39:17.856  INFO 27984 --- [ngodb.net:27017] org.mongodb.driver.connection            : Opened connection [connectionId{localValue:19, serverValue:37}] to mflix-shard-00-02.auswo.mongodb.net:27017
2020-09-14 17:39:17.857  INFO 27984 --- [ngodb.net:27017] org.mongodb.driver.connection            : Opened connection [connectionId{localValue:18, serverValue:28}] to mflix-shard-00-00.auswo.mongodb.net:27017
2020-09-14 17:39:17.865  INFO 27984 --- [ngodb.net:27017] org.mongodb.driver.connection            : Opened connection [connectionId{localValue:17, serverValue:377}] to mflix-shard-00-01.auswo.mongodb.net:27017
2020-09-14 17:39:18.097  INFO 27984 --- [ngodb.net:27017] org.mongodb.driver.cluster               : Monitor thread successfully connected to server with description ServerDescription{address=mflix-shard-00-02.auswo.mongodb.net:27017, type=REPLICA_SET_SECONDARY, state=CONNECTED, ok=true, version=ServerVersion{versionList=[4, 2, 9]}, minWireVersion=0, maxWireVersion=8, maxDocumentSize=16777216, logicalSessionTimeoutMinutes=30, roundTripTimeNanos=240284000, setName='atlas-fqf6z7-shard-0', canonicalAddress=mflix-shard-00-02.auswo.mongodb.net:27017, hosts=[mflix-shard-00-02.auswo.mongodb.net:27017, mflix-shard-00-01.auswo.mongodb.net:27017, mflix-shard-00-00.auswo.mongodb.net:27017], passives=[], arbiters=[], primary='mflix-shard-00-01.auswo.mongodb.net:27017', tagSet=TagSet{[Tag{name='provider', value='AWS'}, Tag{name='nodeType', value='ELECTABLE'}, Tag{name='region', value='US_EAST_1'}]}, electionId=null, setVersion=1, lastWriteDate=Mon Sep 14 17:39:10 IST 2020, lastUpdateTimeNanos=187119621296100}
2020-09-14 17:39:18.097  INFO 27984 --- [ngodb.net:27017] org.mongodb.driver.cluster               : Monitor thread successfully connected to server with description ServerDescription{address=mflix-shard-00-00.auswo.mongodb.net:27017, type=REPLICA_SET_SECONDARY, state=CONNECTED, ok=true, version=ServerVersion{versionList=[4, 2, 9]}, minWireVersion=0, maxWireVersion=8, maxDocumentSize=16777216, logicalSessionTimeoutMinutes=30, roundTripTimeNanos=239573800, setName='atlas-fqf6z7-shard-0', canonicalAddress=mflix-shard-00-00.auswo.mongodb.net:27017, hosts=[mflix-shard-00-02.auswo.mongodb.net:27017, mflix-shard-00-01.auswo.mongodb.net:27017, mflix-shard-00-00.auswo.mongodb.net:27017], passives=[], arbiters=[], primary='mflix-shard-00-01.auswo.mongodb.net:27017', tagSet=TagSet{[Tag{name='nodeType', value='ELECTABLE'}, Tag{name='region', value='US_EAST_1'}, Tag{name='provider', value='AWS'}]}, electionId=null, setVersion=1, lastWriteDate=Mon Sep 14 17:39:10 IST 2020, lastUpdateTimeNanos=187119621350700}
2020-09-14 17:39:18.098  INFO 27984 --- [           main] org.mongodb.driver.cluster               : No server chosen by ReadPreferenceServerSelector{readPreference=primary} from cluster description ClusterDescription{type=REPLICA_SET, connectionMode=MULTIPLE, serverDescriptions=[ServerDescription{address=mflix-shard-00-01.auswo.mongodb.net:27017, type=UNKNOWN, state=CONNECTING}, ServerDescription{address=mflix-shard-00-02.auswo.mongodb.net:27017, type=REPLICA_SET_SECONDARY, state=CONNECTED, ok=true, version=ServerVersion{versionList=[4, 2, 9]}, minWireVersion=0, maxWireVersion=8, maxDocumentSize=16777216, logicalSessionTimeoutMinutes=30, roundTripTimeNanos=240284000, setName='atlas-fqf6z7-shard-0', canonicalAddress=mflix-shard-00-02.auswo.mongodb.net:27017, hosts=[mflix-shard-00-02.auswo.mongodb.net:27017, mflix-shard-00-01.auswo.mongodb.net:27017, mflix-shard-00-00.auswo.mongodb.net:27017], passives=[], arbiters=[], primary='mflix-shard-00-01.auswo.mongodb.net:27017', tagSet=TagSet{[Tag{name='provider', value='AWS'}, Tag{name='nodeType', value='ELECTABLE'}, Tag{name='region', value='US_EAST_1'}]}, electionId=null, setVersion=1, lastWriteDate=Mon Sep 14 17:39:10 IST 2020, lastUpdateTimeNanos=187119621296100}, ServerDescription{address=mflix-shard-00-00.auswo.mongodb.net:27017, type=REPLICA_SET_SECONDARY, state=CONNECTED, ok=true, version=ServerVersion{versionList=[4, 2, 9]}, minWireVersion=0, maxWireVersion=8, maxDocumentSize=16777216, logicalSessionTimeoutMinutes=30, roundTripTimeNanos=239573800, setName='atlas-fqf6z7-shard-0', canonicalAddress=mflix-shard-00-00.auswo.mongodb.net:27017, hosts=[mflix-shard-00-02.auswo.mongodb.net:27017, mflix-shard-00-01.auswo.mongodb.net:27017, mflix-shard-00-00.auswo.mongodb.net:27017], passives=[], arbiters=[], primary='mflix-shard-00-01.auswo.mongodb.net:27017', tagSet=TagSet{[Tag{name='nodeType', value='ELECTABLE'}, Tag{name='region', value='US_EAST_1'}, Tag{name='provider', value='AWS'}]}, electionId=null, setVersion=1, lastWriteDate=Mon Sep 14 17:39:10 IST 2020, lastUpdateTimeNanos=187119621350700}]}. Waiting for 30000 ms before timing out
2020-09-14 17:39:18.107  INFO 27984 --- [ngodb.net:27017] org.mongodb.driver.cluster               : Monitor thread successfully connected to server with description ServerDescription{address=mflix-shard-00-01.auswo.mongodb.net:27017, type=REPLICA_SET_PRIMARY, state=CONNECTED, ok=true, version=ServerVersion{versionList=[4, 2, 9]}, minWireVersion=0, maxWireVersion=8, maxDocumentSize=16777216, logicalSessionTimeoutMinutes=30, roundTripTimeNanos=242060600, setName='atlas-fqf6z7-shard-0', canonicalAddress=mflix-shard-00-01.auswo.mongodb.net:27017, hosts=[mflix-shard-00-02.auswo.mongodb.net:27017, mflix-shard-00-01.auswo.mongodb.net:27017, mflix-shard-00-00.auswo.mongodb.net:27017], passives=[], arbiters=[], primary='mflix-shard-00-01.auswo.mongodb.net:27017', tagSet=TagSet{[Tag{name='provider', value='AWS'}, Tag{name='region', value='US_EAST_1'}, Tag{name='nodeType', value='ELECTABLE'}]}, electionId=7fffffff0000000000000003, setVersion=1, lastWriteDate=Mon Sep 14 17:39:10 IST 2020, lastUpdateTimeNanos=187119631394800}
2020-09-14 17:39:18.107  INFO 27984 --- [ngodb.net:27017] org.mongodb.driver.cluster               : Setting max election id to 7fffffff0000000000000003 from replica set primary mflix-shard-00-01.auswo.mongodb.net:27017
2020-09-14 17:39:18.107  INFO 27984 --- [ngodb.net:27017] org.mongodb.driver.cluster               : Setting max set version to 1 from replica set primary mflix-shard-00-01.auswo.mongodb.net:27017
2020-09-14 17:39:18.107  INFO 27984 --- [ngodb.net:27017] org.mongodb.driver.cluster               : Discovered replica set primary mflix-shard-00-01.auswo.mongodb.net:27017
2020-09-14 17:39:18.389  INFO 27984 --- [ngodb.net:27017] org.mongodb.driver.cluster               : Monitor thread successfully connected to server with description ServerDescription{address=mflix-shard-00-00.auswo.mongodb.net:27017, type=REPLICA_SET_SECONDARY, state=CONNECTED, ok=true, version=ServerVersion{versionList=[4, 2, 9]}, minWireVersion=0, maxWireVersion=8, maxDocumentSize=16777216, logicalSessionTimeoutMinutes=30, roundTripTimeNanos=240154900, setName='atlas-fqf6z7-shard-0', canonicalAddress=mflix-shard-00-00.auswo.mongodb.net:27017, hosts=[mflix-shard-00-02.auswo.mongodb.net:27017, mflix-shard-00-01.auswo.mongodb.net:27017, mflix-shard-00-00.auswo.mongodb.net:27017], passives=[], arbiters=[], primary='mflix-shard-00-01.auswo.mongodb.net:27017', tagSet=TagSet{[Tag{name='nodeType', value='ELECTABLE'}, Tag{name='region', value='US_EAST_1'}, Tag{name='provider', value='AWS'}]}, electionId=null, setVersion=1, lastWriteDate=Mon Sep 14 17:39:10 IST 2020, lastUpdateTimeNanos=187119914505100}
2020-09-14 17:39:20.099  INFO 27984 --- [ngodb.net:27017] org.mongodb.driver.cluster               : Monitor thread successfully connected to server with description ServerDescription{address=mflix-shard-00-01.auswo.mongodb.net:27017, type=REPLICA_SET_PRIMARY, state=CONNECTED, ok=true, version=ServerVersion{versionList=[4, 2, 9]}, minWireVersion=0, maxWireVersion=8, maxDocumentSize=16777216, logicalSessionTimeoutMinutes=30, roundTripTimeNanos=248737540, setName='atlas-fqf6z7-shard-0', canonicalAddress=mflix-shard-00-01.auswo.mongodb.net:27017, hosts=[mflix-shard-00-02.auswo.mongodb.net:27017, mflix-shard-00-01.auswo.mongodb.net:27017, mflix-shard-00-00.auswo.mongodb.net:27017], passives=[], arbiters=[], primary='mflix-shard-00-01.auswo.mongodb.net:27017', tagSet=TagSet{[Tag{name='nodeType', value='ELECTABLE'}, Tag{name='provider', value='AWS'}, Tag{name='region', value='US_EAST_1'}]}, electionId=7fffffff0000000000000003, setVersion=1, lastWriteDate=Mon Sep 14 17:39:10 IST 2020, lastUpdateTimeNanos=187121623343400}
2020-09-14 17:39:20.135  INFO 27984 --- [           main] org.mongodb.driver.connection            : Opened connection [connectionId{localValue:20, serverValue:376}] to mflix-shard-00-01.auswo.mongodb.net:27017
]]></system-out>
  </testcase>
</testsuite>