<?xml version="1.0" encoding="UTF-8"?>
<testsuite xmlns:xsi="http://www.w3.org/2001/XMLSchema-instance" xsi:noNamespaceSchemaLocation="https://maven.apache.org/surefire/maven-surefire-plugin/xsd/surefire-test-report.xsd" name="mflix.api.daos.TimeoutsTest" time="20.905" tests="2" errors="2" skipped="0" failures="0">
  <properties>
[...]
</properties>
  <testcase name="testConfiguredConnectionTimeoutMs" classname="mflix.api.daos.TimeoutsTest" time="8.157">
    <error type="java.lang.NullPointerException">java.lang.NullPointerException
	at mflix.api.daos.TimeoutsTest.testConfiguredConnectionTimeoutMs(TimeoutsTest.java:58)
</error>
    <system-out><![CDATA[2020-09-14 17:39:28.271  INFO 27984 --- [           main] .b.t.c.SpringBootTestContextBootstrapper : Neither @ContextConfiguration nor @ContextHierarchy found for test class [mflix.api.daos.TimeoutsTest], using SpringBootContextLoader
2020-09-14 17:39:28.272  INFO 27984 --- [           main] o.s.t.c.support.AbstractContextLoader    : Could not detect default resource locations for test class [mflix.api.daos.TimeoutsTest]: no resource found for suffixes {-context.xml, Context.groovy}.
2020-09-14 17:39:28.274  INFO 27984 --- [           main] .b.t.c.SpringBootTestContextBootstrapper : Loaded default TestExecutionListener class names from location [META-INF/spring.factories]: [org.springframework.boot.test.mock.mockito.MockitoTestExecutionListener, org.springframework.boot.test.mock.mockito.ResetMocksTestExecutionListener, org.springframework.boot.test.autoconfigure.restdocs.RestDocsTestExecutionListener, org.springframework.boot.test.autoconfigure.web.client.MockRestServiceServerResetTestExecutionListener, org.springframework.boot.test.autoconfigure.web.servlet.MockMvcPrintOnlyOnFailureTestExecutionListener, org.springframework.boot.test.autoconfigure.web.servlet.WebDriverTestExecutionListener, org.springframework.test.context.web.ServletTestExecutionListener, org.springframework.test.context.support.DirtiesContextBeforeModesTestExecutionListener, org.springframework.test.context.support.DependencyInjectionTestExecutionListener, org.springframework.test.context.support.DirtiesContextTestExecutionListener, org.springframework.test.context.transaction.TransactionalTestExecutionListener, org.springframework.test.context.jdbc.SqlScriptsTestExecutionListener]
2020-09-14 17:39:28.275  INFO 27984 --- [           main] .b.t.c.SpringBootTestContextBootstrapper : Using TestExecutionListeners: [org.springframework.test.context.web.ServletTestExecutionListener@14d8e132, org.springframework.test.context.support.DirtiesContextBeforeModesTestExecutionListener@7f4a1cac, org.springframework.boot.test.mock.mockito.MockitoTestExecutionListener@4a1a412e, org.springframework.boot.test.autoconfigure.SpringBootDependencyInjectionTestExecutionListener@c568f91, org.springframework.test.context.support.DirtiesContextTestExecutionListener@5fd43e58, org.springframework.boot.test.mock.mockito.ResetMocksTestExecutionListener@70d4f672, org.springframework.boot.test.autoconfigure.restdocs.RestDocsTestExecutionListener@68dfda77, org.springframework.boot.test.autoconfigure.web.client.MockRestServiceServerResetTestExecutionListener@50cdfafa, org.springframework.boot.test.autoconfigure.web.servlet.MockMvcPrintOnlyOnFailureTestExecutionListener@2e952845, org.springframework.boot.test.autoconfigure.web.servlet.WebDriverTestExecutionListener@79252c83]

  .   ____          _            __ _ _
 /\\ / ___'_ __ _ _(_)_ __  __ _ \ \ \ \
( ( )\___ | '_ | '_| | '_ \/ _` | \ \ \ \
 \\/  ___)| |_)| | | | | || (_| |  ) ) ) )
  '  |____| .__|_| |_|_| |_\__, | / / / /
 =========|_|==============|___/=/_/_/_/
 :: Spring Boot ::        (v2.0.4.RELEASE)

2020-09-14 17:39:28.289  INFO 27984 --- [           main] mflix.api.daos.TimeoutsTest              : Starting TimeoutsTest on BTP208303 with PID 27984 (started by 612460865 in D:\1JavaOneWork\MyRepositories\mongodb\mflix)
2020-09-14 17:39:28.290  INFO 27984 --- [           main] mflix.api.daos.TimeoutsTest              : No active profile set, falling back to default profiles: default
2020-09-14 17:39:28.291  INFO 27984 --- [           main] o.s.w.c.s.GenericWebApplicationContext   : Refreshing org.springframework.web.context.support.GenericWebApplicationContext@3b5a19ed: startup date [Mon Sep 14 17:39:28 IST 2020]; root of context hierarchy
2020-09-14 17:39:28.352  INFO 27984 --- [ngodb.net:27017] org.mongodb.driver.cluster               : Monitor thread successfully connected to server with description ServerDescription{address=mflix-shard-00-01.auswo.mongodb.net:27017, type=REPLICA_SET_PRIMARY, state=CONNECTED, ok=true, version=ServerVersion{versionList=[4, 2, 9]}, minWireVersion=0, maxWireVersion=8, maxDocumentSize=16777216, logicalSessionTimeoutMinutes=30, roundTripTimeNanos=242283320, setName='atlas-fqf6z7-shard-0', canonicalAddress=mflix-shard-00-01.auswo.mongodb.net:27017, hosts=[mflix-shard-00-02.auswo.mongodb.net:27017, mflix-shard-00-01.auswo.mongodb.net:27017, mflix-shard-00-00.auswo.mongodb.net:27017], passives=[], arbiters=[], primary='mflix-shard-00-01.auswo.mongodb.net:27017', tagSet=TagSet{[Tag{name='nodeType', value='ELECTABLE'}, Tag{name='region', value='US_EAST_1'}, Tag{name='provider', value='AWS'}]}, electionId=7fffffff0000000000000003, setVersion=1, lastWriteDate=Mon Sep 14 17:39:28 IST 2020, lastUpdateTimeNanos=187129876472600}
2020-09-14 17:39:28.630  INFO 27984 --- [ngodb.net:27017] org.mongodb.driver.cluster               : Monitor thread successfully connected to server with description ServerDescription{address=mflix-shard-00-00.auswo.mongodb.net:27017, type=REPLICA_SET_SECONDARY, state=CONNECTED, ok=true, version=ServerVersion{versionList=[4, 2, 9]}, minWireVersion=0, maxWireVersion=8, maxDocumentSize=16777216, logicalSessionTimeoutMinutes=30, roundTripTimeNanos=239961800, setName='atlas-fqf6z7-shard-0', canonicalAddress=mflix-shard-00-00.auswo.mongodb.net:27017, hosts=[mflix-shard-00-02.auswo.mongodb.net:27017, mflix-shard-00-01.auswo.mongodb.net:27017, mflix-shard-00-00.auswo.mongodb.net:27017], passives=[], arbiters=[], primary='mflix-shard-00-01.auswo.mongodb.net:27017', tagSet=TagSet{[Tag{name='nodeType', value='ELECTABLE'}, Tag{name='provider', value='AWS'}, Tag{name='region', value='US_EAST_1'}]}, electionId=null, setVersion=1, lastWriteDate=Mon Sep 14 17:39:28 IST 2020, lastUpdateTimeNanos=187130154593800}
2020-09-14 17:39:29.076  INFO 27984 --- [ngodb.net:27017] org.mongodb.driver.cluster               : Monitor thread successfully connected to server with description ServerDescription{address=mflix-shard-00-02.auswo.mongodb.net:27017, type=REPLICA_SET_SECONDARY, state=CONNECTED, ok=true, version=ServerVersion{versionList=[4, 2, 9]}, minWireVersion=0, maxWireVersion=8, maxDocumentSize=16777216, logicalSessionTimeoutMinutes=30, roundTripTimeNanos=239866348, setName='atlas-fqf6z7-shard-0', canonicalAddress=mflix-shard-00-02.auswo.mongodb.net:27017, hosts=[mflix-shard-00-02.auswo.mongodb.net:27017, mflix-shard-00-01.auswo.mongodb.net:27017, mflix-shard-00-00.auswo.mongodb.net:27017], passives=[], arbiters=[], primary='mflix-shard-00-01.auswo.mongodb.net:27017', tagSet=TagSet{[Tag{name='nodeType', value='ELECTABLE'}, Tag{name='region', value='US_EAST_1'}, Tag{name='provider', value='AWS'}]}, electionId=null, setVersion=1, lastWriteDate=Mon Sep 14 17:39:28 IST 2020, lastUpdateTimeNanos=187130601362200}
2020-09-14 17:39:29.076  INFO 27984 --- [ngodb.net:27017] org.mongodb.driver.cluster               : Monitor thread successfully connected to server with description ServerDescription{address=mflix-shard-00-00.auswo.mongodb.net:27017, type=REPLICA_SET_SECONDARY, state=CONNECTED, ok=true, version=ServerVersion{versionList=[4, 2, 9]}, minWireVersion=0, maxWireVersion=8, maxDocumentSize=16777216, logicalSessionTimeoutMinutes=30, roundTripTimeNanos=239406300, setName='atlas-fqf6z7-shard-0', canonicalAddress=mflix-shard-00-00.auswo.mongodb.net:27017, hosts=[mflix-shard-00-02.auswo.mongodb.net:27017, mflix-shard-00-01.auswo.mongodb.net:27017, mflix-shard-00-00.auswo.mongodb.net:27017], passives=[], arbiters=[], primary='mflix-shard-00-01.auswo.mongodb.net:27017', tagSet=TagSet{[Tag{name='nodeType', value='ELECTABLE'}, Tag{name='provider', value='AWS'}, Tag{name='region', value='US_EAST_1'}]}, electionId=null, setVersion=1, lastWriteDate=Mon Sep 14 17:39:28 IST 2020, lastUpdateTimeNanos=187130601362100}
2020-09-14 17:39:30.349  INFO 27984 --- [ngodb.net:27017] org.mongodb.driver.cluster               : Monitor thread successfully connected to server with description ServerDescription{address=mflix-shard-00-01.auswo.mongodb.net:27017, type=REPLICA_SET_PRIMARY, state=CONNECTED, ok=true, version=ServerVersion{versionList=[4, 2, 9]}, minWireVersion=0, maxWireVersion=8, maxDocumentSize=16777216, logicalSessionTimeoutMinutes=30, roundTripTimeNanos=248727872, setName='atlas-fqf6z7-shard-0', canonicalAddress=mflix-shard-00-01.auswo.mongodb.net:27017, hosts=[mflix-shard-00-02.auswo.mongodb.net:27017, mflix-shard-00-01.auswo.mongodb.net:27017, mflix-shard-00-00.auswo.mongodb.net:27017], passives=[], arbiters=[], primary='mflix-shard-00-01.auswo.mongodb.net:27017', tagSet=TagSet{[Tag{name='provider', value='AWS'}, Tag{name='region', value='US_EAST_1'}, Tag{name='nodeType', value='ELECTABLE'}]}, electionId=7fffffff0000000000000003, setVersion=1, lastWriteDate=Mon Sep 14 17:39:28 IST 2020, lastUpdateTimeNanos=187131873400500}
2020-09-14 17:39:30.816  INFO 27984 --- [ngodb.net:27017] org.mongodb.driver.cluster               : Monitor thread successfully connected to server with description ServerDescription{address=mflix-shard-00-01.auswo.mongodb.net:27017, type=REPLICA_SET_PRIMARY, state=CONNECTED, ok=true, version=ServerVersion{versionList=[4, 2, 9]}, minWireVersion=0, maxWireVersion=8, maxDocumentSize=16777216, logicalSessionTimeoutMinutes=30, roundTripTimeNanos=242709116, setName='atlas-fqf6z7-shard-0', canonicalAddress=mflix-shard-00-01.auswo.mongodb.net:27017, hosts=[mflix-shard-00-02.auswo.mongodb.net:27017, mflix-shard-00-01.auswo.mongodb.net:27017, mflix-shard-00-00.auswo.mongodb.net:27017], passives=[], arbiters=[], primary='mflix-shard-00-01.auswo.mongodb.net:27017', tagSet=TagSet{[Tag{name='provider', value='AWS'}, Tag{name='region', value='US_EAST_1'}, Tag{name='nodeType', value='ELECTABLE'}]}, electionId=7fffffff0000000000000003, setVersion=1, lastWriteDate=Mon Sep 14 17:39:28 IST 2020, lastUpdateTimeNanos=187132341583300}
2020-09-14 17:39:30.828  INFO 27984 --- [ngodb.net:27017] org.mongodb.driver.cluster               : Monitor thread successfully connected to server with description ServerDescription{address=mflix-shard-00-02.auswo.mongodb.net:27017, type=REPLICA_SET_SECONDARY, state=CONNECTED, ok=true, version=ServerVersion{versionList=[4, 2, 9]}, minWireVersion=0, maxWireVersion=8, maxDocumentSize=16777216, logicalSessionTimeoutMinutes=30, roundTripTimeNanos=243179048, setName='atlas-fqf6z7-shard-0', canonicalAddress=mflix-shard-00-02.auswo.mongodb.net:27017, hosts=[mflix-shard-00-02.auswo.mongodb.net:27017, mflix-shard-00-01.auswo.mongodb.net:27017, mflix-shard-00-00.auswo.mongodb.net:27017], passives=[], arbiters=[], primary='mflix-shard-00-01.auswo.mongodb.net:27017', tagSet=TagSet{[Tag{name='nodeType', value='ELECTABLE'}, Tag{name='region', value='US_EAST_1'}, Tag{name='provider', value='AWS'}]}, electionId=null, setVersion=1, lastWriteDate=Mon Sep 14 17:39:28 IST 2020, lastUpdateTimeNanos=187132352540400}
2020-09-14 17:39:31.028  INFO 27984 --- [ngodb.net:27017] org.mongodb.driver.cluster               : Monitor thread successfully connected to server with description ServerDescription{address=mflix-shard-00-00.auswo.mongodb.net:27017, type=REPLICA_SET_SECONDARY, state=CONNECTED, ok=true, version=ServerVersion{versionList=[4, 2, 9]}, minWireVersion=0, maxWireVersion=8, maxDocumentSize=16777216, logicalSessionTimeoutMinutes=30, roundTripTimeNanos=240985660, setName='atlas-fqf6z7-shard-0', canonicalAddress=mflix-shard-00-00.auswo.mongodb.net:27017, hosts=[mflix-shard-00-02.auswo.mongodb.net:27017, mflix-shard-00-01.auswo.mongodb.net:27017, mflix-shard-00-00.auswo.mongodb.net:27017], passives=[], arbiters=[], primary='mflix-shard-00-01.auswo.mongodb.net:27017', tagSet=TagSet{[Tag{name='nodeType', value='ELECTABLE'}, Tag{name='provider', value='AWS'}, Tag{name='region', value='US_EAST_1'}]}, electionId=null, setVersion=1, lastWriteDate=Mon Sep 14 17:39:28 IST 2020, lastUpdateTimeNanos=187132553402300}
2020-09-14 17:39:31.028  INFO 27984 --- [ngodb.net:27017] org.mongodb.driver.cluster               : Monitor thread successfully connected to server with description ServerDescription{address=mflix-shard-00-02.auswo.mongodb.net:27017, type=REPLICA_SET_SECONDARY, state=CONNECTED, ok=true, version=ServerVersion{versionList=[4, 2, 9]}, minWireVersion=0, maxWireVersion=8, maxDocumentSize=16777216, logicalSessionTimeoutMinutes=30, roundTripTimeNanos=240771666, setName='atlas-fqf6z7-shard-0', canonicalAddress=mflix-shard-00-02.auswo.mongodb.net:27017, hosts=[mflix-shard-00-02.auswo.mongodb.net:27017, mflix-shard-00-01.auswo.mongodb.net:27017, mflix-shard-00-00.auswo.mongodb.net:27017], passives=[], arbiters=[], primary='mflix-shard-00-01.auswo.mongodb.net:27017', tagSet=TagSet{[Tag{name='nodeType', value='ELECTABLE'}, Tag{name='region', value='US_EAST_1'}, Tag{name='provider', value='AWS'}]}, electionId=null, setVersion=1, lastWriteDate=Mon Sep 14 17:39:28 IST 2020, lastUpdateTimeNanos=187132553679200}
2020-09-14 17:39:31.552  INFO 27984 --- [ngodb.net:27017] org.mongodb.driver.cluster               : Monitor thread successfully connected to server with description ServerDescription{address=mflix-shard-00-00.auswo.mongodb.net:27017, type=REPLICA_SET_SECONDARY, state=CONNECTED, ok=true, version=ServerVersion{versionList=[4, 2, 9]}, minWireVersion=0, maxWireVersion=8, maxDocumentSize=16777216, logicalSessionTimeoutMinutes=30, roundTripTimeNanos=240521511, setName='atlas-fqf6z7-shard-0', canonicalAddress=mflix-shard-00-00.auswo.mongodb.net:27017, hosts=[mflix-shard-00-02.auswo.mongodb.net:27017, mflix-shard-00-01.auswo.mongodb.net:27017, mflix-shard-00-00.auswo.mongodb.net:27017], passives=[], arbiters=[], primary='mflix-shard-00-01.auswo.mongodb.net:27017', tagSet=TagSet{[Tag{name='nodeType', value='ELECTABLE'}, Tag{name='provider', value='AWS'}, Tag{name='region', value='US_EAST_1'}]}, electionId=null, setVersion=1, lastWriteDate=Mon Sep 14 17:39:28 IST 2020, lastUpdateTimeNanos=187133076727600}
2020-09-14 17:39:36.448  INFO 27984 --- [ngodb.net:27017] org.mongodb.driver.cluster               : Monitor thread successfully connected to server with description ServerDescription{address=mflix-shard-00-02.auswo.mongodb.net:27017, type=REPLICA_SET_SECONDARY, state=CONNECTED, ok=true, version=ServerVersion{versionList=[4, 2, 9]}, minWireVersion=0, maxWireVersion=8, maxDocumentSize=16777216, logicalSessionTimeoutMinutes=30, roundTripTimeNanos=246223276, setName='atlas-fqf6z7-shard-0', canonicalAddress=mflix-shard-00-02.auswo.mongodb.net:27017, hosts=[mflix-shard-00-02.auswo.mongodb.net:27017, mflix-shard-00-01.auswo.mongodb.net:27017, mflix-shard-00-00.auswo.mongodb.net:27017], passives=[], arbiters=[], primary='mflix-shard-00-01.auswo.mongodb.net:27017', tagSet=TagSet{[Tag{name='nodeType', value='ELECTABLE'}, Tag{name='region', value='US_EAST_1'}, Tag{name='provider', value='AWS'}]}, electionId=null, setVersion=1, lastWriteDate=Mon Sep 14 17:39:35 IST 2020, lastUpdateTimeNanos=187137973891400}
2020-09-14 17:39:36.453  INFO 27984 --- [ngodb.net:27017] org.mongodb.driver.cluster               : Monitor thread successfully connected to server with description ServerDescription{address=mflix-shard-00-00.auswo.mongodb.net:27017, type=REPLICA_SET_SECONDARY, state=CONNECTED, ok=true, version=ServerVersion{versionList=[4, 2, 9]}, minWireVersion=0, maxWireVersion=8, maxDocumentSize=16777216, logicalSessionTimeoutMinutes=30, roundTripTimeNanos=246652554, setName='atlas-fqf6z7-shard-0', canonicalAddress=mflix-shard-00-00.auswo.mongodb.net:27017, hosts=[mflix-shard-00-02.auswo.mongodb.net:27017, mflix-shard-00-01.auswo.mongodb.net:27017, mflix-shard-00-00.auswo.mongodb.net:27017], passives=[], arbiters=[], primary='mflix-shard-00-01.auswo.mongodb.net:27017', tagSet=TagSet{[Tag{name='nodeType', value='ELECTABLE'}, Tag{name='provider', value='AWS'}, Tag{name='region', value='US_EAST_1'}]}, electionId=null, setVersion=1, lastWriteDate=Mon Sep 14 17:39:35 IST 2020, lastUpdateTimeNanos=187137978303500}
2020-09-14 17:39:36.660  INFO 27984 --- [           main] org.mongodb.driver.cluster               : Cluster created with settings {hosts=[mflix-shard-00-00.auswo.mongodb.net:27017, mflix-shard-00-01.auswo.mongodb.net:27017, mflix-shard-00-02.auswo.mongodb.net:27017], mode=MULTIPLE, requiredClusterType=REPLICA_SET, serverSelectionTimeout='30000 ms', maxWaitQueueSize=500, requiredReplicaSetName='atlas-fqf6z7-shard-0'}
2020-09-14 17:39:36.660  INFO 27984 --- [           main] org.mongodb.driver.cluster               : Adding discovered server mflix-shard-00-00.auswo.mongodb.net:27017 to client view of cluster
2020-09-14 17:39:36.661  INFO 27984 --- [           main] org.mongodb.driver.cluster               : Adding discovered server mflix-shard-00-01.auswo.mongodb.net:27017 to client view of cluster
2020-09-14 17:39:36.661  INFO 27984 --- [           main] org.mongodb.driver.cluster               : Adding discovered server mflix-shard-00-02.auswo.mongodb.net:27017 to client view of cluster
2020-09-14 17:39:36.736  INFO 27984 --- [           main] o.s.w.s.handler.SimpleUrlHandlerMapping  : Mapped URL path [/**/favicon.ico] onto handler of type [class org.springframework.web.servlet.resource.ResourceHttpRequestHandler]
2020-09-14 17:39:36.786  INFO 27984 --- [           main] s.w.s.m.m.a.RequestMappingHandlerAdapter : Looking for @ControllerAdvice: org.springframework.web.context.support.GenericWebApplicationContext@3b5a19ed: startup date [Mon Sep 14 17:39:28 IST 2020]; root of context hierarchy
2020-09-14 17:39:36.795  INFO 27984 --- [           main] s.w.s.m.m.a.RequestMappingHandlerMapping : Mapped "{[/error]}" onto public org.springframework.http.ResponseEntity<java.util.Map<java.lang.String, java.lang.Object>> org.springframework.boot.autoconfigure.web.servlet.error.BasicErrorController.error(javax.servlet.http.HttpServletRequest)
2020-09-14 17:39:36.795  INFO 27984 --- [           main] s.w.s.m.m.a.RequestMappingHandlerMapping : Mapped "{[/error],produces=[text/html]}" onto public org.springframework.web.servlet.ModelAndView org.springframework.boot.autoconfigure.web.servlet.error.BasicErrorController.errorHtml(javax.servlet.http.HttpServletRequest,javax.servlet.http.HttpServletResponse)
2020-09-14 17:39:36.804  INFO 27984 --- [           main] o.s.w.s.handler.SimpleUrlHandlerMapping  : Mapped URL path [/webjars/**] onto handler of type [class org.springframework.web.servlet.resource.ResourceHttpRequestHandler]
2020-09-14 17:39:36.805  INFO 27984 --- [           main] o.s.w.s.handler.SimpleUrlHandlerMapping  : Mapped URL path [/**] onto handler of type [class org.springframework.web.servlet.resource.ResourceHttpRequestHandler]
2020-09-14 17:39:36.820  INFO 27984 --- [           main] o.s.b.a.w.s.WelcomePageHandlerMapping    : Adding welcome page: class path resource [build/index.html]
2020-09-14 17:39:36.877  INFO 27984 --- [           main] .s.s.UserDetailsServiceAutoConfiguration : 

Using generated security password: ebc00922-e941-44eb-986c-42deb848728d

2020-09-14 17:39:36.916  INFO 27984 --- [           main] o.s.s.web.DefaultSecurityFilterChain     : Creating filter chain: org.springframework.security.web.util.matcher.AnyRequestMatcher@1, [org.springframework.security.web.context.request.async.WebAsyncManagerIntegrationFilter@25533bba, org.springframework.security.web.context.SecurityContextPersistenceFilter@3dc39459, org.springframework.security.web.header.HeaderWriterFilter@4b4a2fa8, org.springframework.security.web.csrf.CsrfFilter@179ee36b, org.springframework.security.web.authentication.logout.LogoutFilter@383cdd4d, org.springframework.security.web.authentication.UsernamePasswordAuthenticationFilter@16d41725, org.springframework.security.web.authentication.ui.DefaultLoginPageGeneratingFilter@197ce367, org.springframework.security.web.authentication.www.BasicAuthenticationFilter@3b6c2be6, org.springframework.security.web.savedrequest.RequestCacheAwareFilter@6b16de91, org.springframework.security.web.servletapi.SecurityContextHolderAwareRequestFilter@71bb8b34, org.springframework.security.web.authentication.AnonymousAuthenticationFilter@26d0ece6, org.springframework.security.web.session.SessionManagementFilter@5da6b13d, org.springframework.security.web.access.ExceptionTranslationFilter@67763ebe, org.springframework.security.web.access.intercept.FilterSecurityInterceptor@685d7ba5]
2020-09-14 17:39:36.938  INFO 27984 --- [           main] mflix.api.daos.TimeoutsTest              : Started TimeoutsTest in 8.662 seconds (JVM running for 74.218)
2020-09-14 17:39:37.886  INFO 27984 --- [ngodb.net:27017] org.mongodb.driver.connection            : Opened connection [connectionId{localValue:22, serverValue:1031}] to mflix-shard-00-01.auswo.mongodb.net:27017
2020-09-14 17:39:37.895  INFO 27984 --- [ngodb.net:27017] org.mongodb.driver.connection            : Opened connection [connectionId{localValue:23, serverValue:125}] to mflix-shard-00-02.auswo.mongodb.net:27017
2020-09-14 17:39:37.898  INFO 27984 --- [ngodb.net:27017] org.mongodb.driver.connection            : Opened connection [connectionId{localValue:21, serverValue:436}] to mflix-shard-00-00.auswo.mongodb.net:27017
2020-09-14 17:39:38.129  INFO 27984 --- [ngodb.net:27017] org.mongodb.driver.cluster               : Monitor thread successfully connected to server with description ServerDescription{address=mflix-shard-00-01.auswo.mongodb.net:27017, type=REPLICA_SET_PRIMARY, state=CONNECTED, ok=true, version=ServerVersion{versionList=[4, 2, 9]}, minWireVersion=0, maxWireVersion=8, maxDocumentSize=16777216, logicalSessionTimeoutMinutes=30, roundTripTimeNanos=241943800, setName='atlas-fqf6z7-shard-0', canonicalAddress=mflix-shard-00-01.auswo.mongodb.net:27017, hosts=[mflix-shard-00-02.auswo.mongodb.net:27017, mflix-shard-00-01.auswo.mongodb.net:27017, mflix-shard-00-00.auswo.mongodb.net:27017], passives=[], arbiters=[], primary='mflix-shard-00-01.auswo.mongodb.net:27017', tagSet=TagSet{[Tag{name='provider', value='AWS'}, Tag{name='region', value='US_EAST_1'}, Tag{name='nodeType', value='ELECTABLE'}]}, electionId=7fffffff0000000000000003, setVersion=1, lastWriteDate=Mon Sep 14 17:39:35 IST 2020, lastUpdateTimeNanos=187139654062400}
2020-09-14 17:39:38.130  INFO 27984 --- [ngodb.net:27017] org.mongodb.driver.cluster               : Setting max election id to 7fffffff0000000000000003 from replica set primary mflix-shard-00-01.auswo.mongodb.net:27017
2020-09-14 17:39:38.130  INFO 27984 --- [ngodb.net:27017] org.mongodb.driver.cluster               : Setting max set version to 1 from replica set primary mflix-shard-00-01.auswo.mongodb.net:27017
2020-09-14 17:39:38.130  INFO 27984 --- [ngodb.net:27017] org.mongodb.driver.cluster               : Discovered replica set primary mflix-shard-00-01.auswo.mongodb.net:27017
2020-09-14 17:39:38.138  INFO 27984 --- [ngodb.net:27017] org.mongodb.driver.cluster               : Monitor thread successfully connected to server with description ServerDescription{address=mflix-shard-00-02.auswo.mongodb.net:27017, type=REPLICA_SET_SECONDARY, state=CONNECTED, ok=true, version=ServerVersion{versionList=[4, 2, 9]}, minWireVersion=0, maxWireVersion=8, maxDocumentSize=16777216, logicalSessionTimeoutMinutes=30, roundTripTimeNanos=242619800, setName='atlas-fqf6z7-shard-0', canonicalAddress=mflix-shard-00-02.auswo.mongodb.net:27017, hosts=[mflix-shard-00-02.auswo.mongodb.net:27017, mflix-shard-00-01.auswo.mongodb.net:27017, mflix-shard-00-00.auswo.mongodb.net:27017], passives=[], arbiters=[], primary='mflix-shard-00-01.auswo.mongodb.net:27017', tagSet=TagSet{[Tag{name='nodeType', value='ELECTABLE'}, Tag{name='region', value='US_EAST_1'}, Tag{name='provider', value='AWS'}]}, electionId=null, setVersion=1, lastWriteDate=Mon Sep 14 17:39:35 IST 2020, lastUpdateTimeNanos=187139663191600}
2020-09-14 17:39:38.142  INFO 27984 --- [ngodb.net:27017] org.mongodb.driver.cluster               : Monitor thread successfully connected to server with description ServerDescription{address=mflix-shard-00-00.auswo.mongodb.net:27017, type=REPLICA_SET_SECONDARY, state=CONNECTED, ok=true, version=ServerVersion{versionList=[4, 2, 9]}, minWireVersion=0, maxWireVersion=8, maxDocumentSize=16777216, logicalSessionTimeoutMinutes=30, roundTripTimeNanos=242424000, setName='atlas-fqf6z7-shard-0', canonicalAddress=mflix-shard-00-00.auswo.mongodb.net:27017, hosts=[mflix-shard-00-02.auswo.mongodb.net:27017, mflix-shard-00-01.auswo.mongodb.net:27017, mflix-shard-00-00.auswo.mongodb.net:27017], passives=[], arbiters=[], primary='mflix-shard-00-01.auswo.mongodb.net:27017', tagSet=TagSet{[Tag{name='nodeType', value='ELECTABLE'}, Tag{name='provider', value='AWS'}, Tag{name='region', value='US_EAST_1'}]}, electionId=null, setVersion=1, lastWriteDate=Mon Sep 14 17:39:35 IST 2020, lastUpdateTimeNanos=187139666467100}
2020-09-14 17:39:38.155  INFO 27984 --- [ngodb.net:27017] org.mongodb.driver.cluster               : Monitor thread successfully connected to server with description ServerDescription{address=mflix-shard-00-01.auswo.mongodb.net:27017, type=REPLICA_SET_PRIMARY, state=CONNECTED, ok=true, version=ServerVersion{versionList=[4, 2, 9]}, minWireVersion=0, maxWireVersion=8, maxDocumentSize=16777216, logicalSessionTimeoutMinutes=30, roundTripTimeNanos=242213354, setName='atlas-fqf6z7-shard-0', canonicalAddress=mflix-shard-00-01.auswo.mongodb.net:27017, hosts=[mflix-shard-00-02.auswo.mongodb.net:27017, mflix-shard-00-01.auswo.mongodb.net:27017, mflix-shard-00-00.auswo.mongodb.net:27017], passives=[], arbiters=[], primary='mflix-shard-00-01.auswo.mongodb.net:27017', tagSet=TagSet{[Tag{name='provider', value='AWS'}, Tag{name='region', value='US_EAST_1'}, Tag{name='nodeType', value='ELECTABLE'}]}, electionId=7fffffff0000000000000003, setVersion=1, lastWriteDate=Mon Sep 14 17:39:35 IST 2020, lastUpdateTimeNanos=187139680014900}
2020-09-14 17:39:38.595  INFO 27984 --- [ngodb.net:27017] org.mongodb.driver.cluster               : Monitor thread successfully connected to server with description ServerDescription{address=mflix-shard-00-01.auswo.mongodb.net:27017, type=REPLICA_SET_PRIMARY, state=CONNECTED, ok=true, version=ServerVersion{versionList=[4, 2, 9]}, minWireVersion=0, maxWireVersion=8, maxDocumentSize=16777216, logicalSessionTimeoutMinutes=30, roundTripTimeNanos=242350696, setName='atlas-fqf6z7-shard-0', canonicalAddress=mflix-shard-00-01.auswo.mongodb.net:27017, hosts=[mflix-shard-00-02.auswo.mongodb.net:27017, mflix-shard-00-01.auswo.mongodb.net:27017, mflix-shard-00-00.auswo.mongodb.net:27017], passives=[], arbiters=[], primary='mflix-shard-00-01.auswo.mongodb.net:27017', tagSet=TagSet{[Tag{name='provider', value='AWS'}, Tag{name='region', value='US_EAST_1'}, Tag{name='nodeType', value='ELECTABLE'}]}, electionId=7fffffff0000000000000003, setVersion=1, lastWriteDate=Mon Sep 14 17:39:35 IST 2020, lastUpdateTimeNanos=187140120555100}
2020-09-14 17:39:41.019  INFO 27984 --- [           main] org.mongodb.driver.cluster               : Cluster created with settings {hosts=[mflix-shard-00-01.auswo.mongodb.net:27017, mflix-shard-00-02.auswo.mongodb.net:27017, mflix-shard-00-00.auswo.mongodb.net:27017], mode=MULTIPLE, requiredClusterType=REPLICA_SET, serverSelectionTimeout='30000 ms', maxWaitQueueSize=500, requiredReplicaSetName='atlas-fqf6z7-shard-0'}
2020-09-14 17:39:41.019  INFO 27984 --- [           main] org.mongodb.driver.cluster               : Adding discovered server mflix-shard-00-01.auswo.mongodb.net:27017 to client view of cluster
2020-09-14 17:39:41.019  INFO 27984 --- [           main] org.mongodb.driver.cluster               : Adding discovered server mflix-shard-00-02.auswo.mongodb.net:27017 to client view of cluster
2020-09-14 17:39:41.020  INFO 27984 --- [           main] org.mongodb.driver.cluster               : Adding discovered server mflix-shard-00-00.auswo.mongodb.net:27017 to client view of cluster
2020-09-14 17:39:41.269  INFO 27984 --- [ngodb.net:27017] org.mongodb.driver.cluster               : Monitor thread successfully connected to server with description ServerDescription{address=mflix-shard-00-02.auswo.mongodb.net:27017, type=REPLICA_SET_SECONDARY, state=CONNECTED, ok=true, version=ServerVersion{versionList=[4, 2, 9]}, minWireVersion=0, maxWireVersion=8, maxDocumentSize=16777216, logicalSessionTimeoutMinutes=30, roundTripTimeNanos=240628652, setName='atlas-fqf6z7-shard-0', canonicalAddress=mflix-shard-00-02.auswo.mongodb.net:27017, hosts=[mflix-shard-00-02.auswo.mongodb.net:27017, mflix-shard-00-01.auswo.mongodb.net:27017, mflix-shard-00-00.auswo.mongodb.net:27017], passives=[], arbiters=[], primary='mflix-shard-00-01.auswo.mongodb.net:27017', tagSet=TagSet{[Tag{name='provider', value='AWS'}, Tag{name='nodeType', value='ELECTABLE'}, Tag{name='region', value='US_EAST_1'}]}, electionId=null, setVersion=1, lastWriteDate=Mon Sep 14 17:39:35 IST 2020, lastUpdateTimeNanos=187142794497700}
2020-09-14 17:39:42.331  INFO 27984 --- [ngodb.net:27017] org.mongodb.driver.connection            : Opened connection [connectionId{localValue:24, serverValue:334}] to mflix-shard-00-01.auswo.mongodb.net:27017
2020-09-14 17:39:42.343  INFO 27984 --- [ngodb.net:27017] org.mongodb.driver.connection            : Opened connection [connectionId{localValue:25, serverValue:37}] to mflix-shard-00-02.auswo.mongodb.net:27017
2020-09-14 17:39:42.343  INFO 27984 --- [ngodb.net:27017] org.mongodb.driver.connection            : Opened connection [connectionId{localValue:26, serverValue:436}] to mflix-shard-00-00.auswo.mongodb.net:27017
2020-09-14 17:39:42.572  INFO 27984 --- [ngodb.net:27017] org.mongodb.driver.cluster               : Monitor thread successfully connected to server with description ServerDescription{address=mflix-shard-00-01.auswo.mongodb.net:27017, type=REPLICA_SET_PRIMARY, state=CONNECTED, ok=true, version=ServerVersion{versionList=[4, 2, 9]}, minWireVersion=0, maxWireVersion=8, maxDocumentSize=16777216, logicalSessionTimeoutMinutes=30, roundTripTimeNanos=239055200, setName='atlas-fqf6z7-shard-0', canonicalAddress=mflix-shard-00-01.auswo.mongodb.net:27017, hosts=[mflix-shard-00-02.auswo.mongodb.net:27017, mflix-shard-00-01.auswo.mongodb.net:27017, mflix-shard-00-00.auswo.mongodb.net:27017], passives=[], arbiters=[], primary='mflix-shard-00-01.auswo.mongodb.net:27017', tagSet=TagSet{[Tag{name='provider', value='AWS'}, Tag{name='region', value='US_EAST_1'}, Tag{name='nodeType', value='ELECTABLE'}]}, electionId=7fffffff0000000000000003, setVersion=1, lastWriteDate=Mon Sep 14 17:39:41 IST 2020, lastUpdateTimeNanos=187144095986500}
2020-09-14 17:39:42.572  INFO 27984 --- [ngodb.net:27017] org.mongodb.driver.cluster               : Setting max election id to 7fffffff0000000000000003 from replica set primary mflix-shard-00-01.auswo.mongodb.net:27017
2020-09-14 17:39:42.573  INFO 27984 --- [ngodb.net:27017] org.mongodb.driver.cluster               : Setting max set version to 1 from replica set primary mflix-shard-00-01.auswo.mongodb.net:27017
2020-09-14 17:39:42.573  INFO 27984 --- [ngodb.net:27017] org.mongodb.driver.cluster               : Discovered replica set primary mflix-shard-00-01.auswo.mongodb.net:27017
2020-09-14 17:39:42.587  INFO 27984 --- [ngodb.net:27017] org.mongodb.driver.cluster               : Monitor thread successfully connected to server with description ServerDescription{address=mflix-shard-00-00.auswo.mongodb.net:27017, type=REPLICA_SET_SECONDARY, state=CONNECTED, ok=true, version=ServerVersion{versionList=[4, 2, 9]}, minWireVersion=0, maxWireVersion=8, maxDocumentSize=16777216, logicalSessionTimeoutMinutes=30, roundTripTimeNanos=242895500, setName='atlas-fqf6z7-shard-0', canonicalAddress=mflix-shard-00-00.auswo.mongodb.net:27017, hosts=[mflix-shard-00-02.auswo.mongodb.net:27017, mflix-shard-00-01.auswo.mongodb.net:27017, mflix-shard-00-00.auswo.mongodb.net:27017], passives=[], arbiters=[], primary='mflix-shard-00-01.auswo.mongodb.net:27017', tagSet=TagSet{[Tag{name='nodeType', value='ELECTABLE'}, Tag{name='provider', value='AWS'}, Tag{name='region', value='US_EAST_1'}]}, electionId=null, setVersion=1, lastWriteDate=Mon Sep 14 17:39:41 IST 2020, lastUpdateTimeNanos=187144111703100}
2020-09-14 17:39:42.587  INFO 27984 --- [ngodb.net:27017] org.mongodb.driver.cluster               : Monitor thread successfully connected to server with description ServerDescription{address=mflix-shard-00-02.auswo.mongodb.net:27017, type=REPLICA_SET_SECONDARY, state=CONNECTED, ok=true, version=ServerVersion{versionList=[4, 2, 9]}, minWireVersion=0, maxWireVersion=8, maxDocumentSize=16777216, logicalSessionTimeoutMinutes=30, roundTripTimeNanos=243005400, setName='atlas-fqf6z7-shard-0', canonicalAddress=mflix-shard-00-02.auswo.mongodb.net:27017, hosts=[mflix-shard-00-02.auswo.mongodb.net:27017, mflix-shard-00-01.auswo.mongodb.net:27017, mflix-shard-00-00.auswo.mongodb.net:27017], passives=[], arbiters=[], primary='mflix-shard-00-01.auswo.mongodb.net:27017', tagSet=TagSet{[Tag{name='provider', value='AWS'}, Tag{name='nodeType', value='ELECTABLE'}, Tag{name='region', value='US_EAST_1'}]}, electionId=null, setVersion=1, lastWriteDate=Mon Sep 14 17:39:41 IST 2020, lastUpdateTimeNanos=187144111755800}
]]></system-out>
  </testcase>
  <testcase name="testConfiguredWtimeout" classname="mflix.api.daos.TimeoutsTest" time="4.082">
    <error type="java.lang.NullPointerException">java.lang.NullPointerException
	at mflix.api.daos.TimeoutsTest.testConfiguredWtimeout(TimeoutsTest.java:49)
</error>
    <system-out><![CDATA[2020-09-14 17:39:46.697  INFO 27984 --- [ngodb.net:27017] org.mongodb.driver.cluster               : Monitor thread successfully connected to server with description ServerDescription{address=mflix-shard-00-00.auswo.mongodb.net:27017, type=REPLICA_SET_SECONDARY, state=CONNECTED, ok=true, version=ServerVersion{versionList=[4, 2, 9]}, minWireVersion=0, maxWireVersion=8, maxDocumentSize=16777216, logicalSessionTimeoutMinutes=30, roundTripTimeNanos=245937783, setName='atlas-fqf6z7-shard-0', canonicalAddress=mflix-shard-00-00.auswo.mongodb.net:27017, hosts=[mflix-shard-00-02.auswo.mongodb.net:27017, mflix-shard-00-01.auswo.mongodb.net:27017, mflix-shard-00-00.auswo.mongodb.net:27017], passives=[], arbiters=[], primary='mflix-shard-00-01.auswo.mongodb.net:27017', tagSet=TagSet{[Tag{name='nodeType', value='ELECTABLE'}, Tag{name='region', value='US_EAST_1'}, Tag{name='provider', value='AWS'}]}, electionId=null, setVersion=1, lastWriteDate=Mon Sep 14 17:39:41 IST 2020, lastUpdateTimeNanos=187148222282100}
2020-09-14 17:39:48.371  INFO 27984 --- [ngodb.net:27017] org.mongodb.driver.cluster               : Monitor thread successfully connected to server with description ServerDescription{address=mflix-shard-00-01.auswo.mongodb.net:27017, type=REPLICA_SET_PRIMARY, state=CONNECTED, ok=true, version=ServerVersion{versionList=[4, 2, 9]}, minWireVersion=0, maxWireVersion=8, maxDocumentSize=16777216, logicalSessionTimeoutMinutes=30, roundTripTimeNanos=241509360, setName='atlas-fqf6z7-shard-0', canonicalAddress=mflix-shard-00-01.auswo.mongodb.net:27017, hosts=[mflix-shard-00-02.auswo.mongodb.net:27017, mflix-shard-00-01.auswo.mongodb.net:27017, mflix-shard-00-00.auswo.mongodb.net:27017], passives=[], arbiters=[], primary='mflix-shard-00-01.auswo.mongodb.net:27017', tagSet=TagSet{[Tag{name='provider', value='AWS'}, Tag{name='nodeType', value='ELECTABLE'}, Tag{name='region', value='US_EAST_1'}]}, electionId=7fffffff0000000000000003, setVersion=1, lastWriteDate=Mon Sep 14 17:39:41 IST 2020, lastUpdateTimeNanos=187149896257100}
2020-09-14 17:39:48.399  INFO 27984 --- [ngodb.net:27017] org.mongodb.driver.cluster               : Monitor thread successfully connected to server with description ServerDescription{address=mflix-shard-00-01.auswo.mongodb.net:27017, type=REPLICA_SET_PRIMARY, state=CONNECTED, ok=true, version=ServerVersion{versionList=[4, 2, 9]}, minWireVersion=0, maxWireVersion=8, maxDocumentSize=16777216, logicalSessionTimeoutMinutes=30, roundTripTimeNanos=242108283, setName='atlas-fqf6z7-shard-0', canonicalAddress=mflix-shard-00-01.auswo.mongodb.net:27017, hosts=[mflix-shard-00-02.auswo.mongodb.net:27017, mflix-shard-00-01.auswo.mongodb.net:27017, mflix-shard-00-00.auswo.mongodb.net:27017], passives=[], arbiters=[], primary='mflix-shard-00-01.auswo.mongodb.net:27017', tagSet=TagSet{[Tag{name='provider', value='AWS'}, Tag{name='nodeType', value='ELECTABLE'}, Tag{name='region', value='US_EAST_1'}]}, electionId=7fffffff0000000000000003, setVersion=1, lastWriteDate=Mon Sep 14 17:39:41 IST 2020, lastUpdateTimeNanos=187149924158100}
2020-09-14 17:39:48.839  INFO 27984 --- [ngodb.net:27017] org.mongodb.driver.cluster               : Monitor thread successfully connected to server with description ServerDescription{address=mflix-shard-00-01.auswo.mongodb.net:27017, type=REPLICA_SET_PRIMARY, state=CONNECTED, ok=true, version=ServerVersion{versionList=[4, 2, 9]}, minWireVersion=0, maxWireVersion=8, maxDocumentSize=16777216, logicalSessionTimeoutMinutes=30, roundTripTimeNanos=242340876, setName='atlas-fqf6z7-shard-0', canonicalAddress=mflix-shard-00-01.auswo.mongodb.net:27017, hosts=[mflix-shard-00-02.auswo.mongodb.net:27017, mflix-shard-00-01.auswo.mongodb.net:27017, mflix-shard-00-00.auswo.mongodb.net:27017], passives=[], arbiters=[], primary='mflix-shard-00-01.auswo.mongodb.net:27017', tagSet=TagSet{[Tag{name='provider', value='AWS'}, Tag{name='nodeType', value='ELECTABLE'}, Tag{name='region', value='US_EAST_1'}]}, electionId=7fffffff0000000000000003, setVersion=1, lastWriteDate=Mon Sep 14 17:39:41 IST 2020, lastUpdateTimeNanos=187150364163100}
2020-09-14 17:39:49.176  INFO 27984 --- [           main] org.mongodb.driver.cluster               : Cluster created with settings {hosts=[mflix-shard-00-01.auswo.mongodb.net:27017, mflix-shard-00-02.auswo.mongodb.net:27017, mflix-shard-00-00.auswo.mongodb.net:27017], mode=MULTIPLE, requiredClusterType=REPLICA_SET, serverSelectionTimeout='30000 ms', maxWaitQueueSize=500, requiredReplicaSetName='atlas-fqf6z7-shard-0'}
2020-09-14 17:39:49.176  INFO 27984 --- [           main] org.mongodb.driver.cluster               : Adding discovered server mflix-shard-00-01.auswo.mongodb.net:27017 to client view of cluster
2020-09-14 17:39:49.177  INFO 27984 --- [           main] org.mongodb.driver.cluster               : Adding discovered server mflix-shard-00-02.auswo.mongodb.net:27017 to client view of cluster
2020-09-14 17:39:49.177  INFO 27984 --- [           main] org.mongodb.driver.cluster               : Adding discovered server mflix-shard-00-00.auswo.mongodb.net:27017 to client view of cluster
]]></system-out>
  </testcase>
</testsuite>