<?xml version="1.0" encoding="UTF-8"?>
<testsuite xmlns:xsi="http://www.w3.org/2001/XMLSchema-instance" xsi:noNamespaceSchemaLocation="https://maven.apache.org/surefire/maven-surefire-plugin/xsd/surefire-test-report.xsd" name="mflix.api.daos.ProjectionTest" time="0.005" tests="2" errors="0" skipped="0" failures="1">
  <properties>
[...]
</properties>
  <testcase name="testProjectionShape" classname="mflix.api.daos.ProjectionTest" time="0"/>
  <testcase name="testFindMoviesByCountry" classname="mflix.api.daos.ProjectionTest" time="0">
    <failure message="Unexpected number of returned movie documents. Check your query filter expected:&lt;2&gt; but was:&lt;0&gt;" type="java.lang.AssertionError"><![CDATA[java.lang.AssertionError: Unexpected number of returned movie documents. Check your query filter expected:<2> but was:<0>
	at mflix.api.daos.ProjectionTest.testFindMoviesByCountry(ProjectionTest.java:45)
]]></failure>
  </testcase>
</testsuite>